<?xml version="1.0" encoding="UTF-8"?>
<testng-results skipped="0" failed="0" ignored="0" total="1" passed="1">
  <reporter-output>
  </reporter-output>
  <suite name="Suite" duration-ms="7823" started-at="2018-05-05T12:56:05Z" finished-at="2018-05-05T12:56:13Z">
    <groups>
    </groups>
    <test name="Test" duration-ms="7823" started-at="2018-05-05T12:56:05Z" finished-at="2018-05-05T12:56:13Z">
      <class name="com.app.TestBase.TestBase">
        <test-method status="PASS" signature="appInit()[pri:0, instance:com.app.TestBase.TestBase@13deb50e]" name="appInit" duration-ms="7070" started-at="2018-05-05T12:56:05Z" finished-at="2018-05-05T12:56:12Z">
          <reporter-output>
          </reporter-output>
        </test-method> <!-- appInit -->
        <test-method status="PASS" signature="closeapp()[pri:0, instance:com.app.TestBase.TestBase@13deb50e]" name="closeapp" is-config="true" duration-ms="722" started-at="2018-05-05T12:56:12Z" finished-at="2018-05-05T12:56:13Z">
          <reporter-output>
          </reporter-output>
        </test-method> <!-- closeapp -->
      </class> <!-- com.app.TestBase.TestBase -->
    </test> <!-- Test -->
  </suite> <!-- Suite -->
</testng-results>
